<?xml version="1.0" encoding="UTF-8"?>
<!-- Generated by org.testng.reporters.JUnitReportReporter -->
<testsuite hostname="meluha" name="com.automation.selenium.Demo4Maven" tests="1" failures="0" timestamp="4 Mar 2016 22:31:06 GMT" time="0.021" errors="0">
  <testcase name="test" time="0.021" classname="com.automation.selenium.Demo4Maven"/>
</testsuite> <!-- com.automation.selenium.Demo4Maven -->
